<?xml version="1.0" encoding="UTF-8"?>
<testng-results skipped="0" failed="1" ignored="0" total="9" passed="8">
  <reporter-output>
  </reporter-output>
  <suite name="Web Suite" duration-ms="36941" started-at="2022-04-25T17:55:51 IDT" finished-at="2022-04-25T17:56:28 IDT">
    <groups>
    </groups>
    <test name="Web Tests" duration-ms="36941" started-at="2022-04-25T17:55:51 IDT" finished-at="2022-04-25T17:56:28 IDT">
      <class name="sanity.AtidStore">
        <test-method status="PASS" signature="Start(java.lang.String)[pri:0, instance:sanity.AtidStore@6c451c9c]" name="Start" is-config="true" duration-ms="5813" started-at="2022-04-25T17:55:51 IDT" finished-at="2022-04-25T17:55:57 IDT">
          <params>
            <param index="0">
              <value>
                <![CDATA[web]]>
              </value>
            </param>
          </params>
          <reporter-output>
          </reporter-output>
        </test-method> <!-- Start -->
        <test-method status="PASS" signature="BeforeMethod(java.lang.reflect.Method)[pri:0, instance:sanity.AtidStore@6c451c9c]" name="BeforeMethod" is-config="true" duration-ms="64" started-at="2022-04-25T17:55:57 IDT" finished-at="2022-04-25T17:55:57 IDT">
          <params>
            <param index="0">
              <value>
                <![CDATA[public void sanity.AtidStore.Searchproducts(java.lang.String,java.lang.String)]]>
              </value>
            </param>
          </params>
          <reporter-output>
          </reporter-output>
        </test-method> <!-- BeforeMethod -->
        <test-method status="PASS" signature="Searchproducts(java.lang.String, java.lang.String)[pri:0, instance:sanity.AtidStore@6c451c9c]" name="Searchproducts" duration-ms="4778" started-at="2022-04-25T17:55:57 IDT" description="Test07 - Search Products" data-provider="data-provider-products" finished-at="2022-04-25T17:56:02 IDT">
          <params>
            <param index="0">
              <value>
                <![CDATA[shoes]]>
              </value>
            </param>
            <param index="1">
              <value>
                <![CDATA[exist]]>
              </value>
            </param>
          </params>
          <reporter-output>
          </reporter-output>
        </test-method> <!-- Searchproducts -->
        <test-method status="PASS" signature="AfterMethod()[pri:0, instance:sanity.AtidStore@6c451c9c]" name="AfterMethod" is-config="true" duration-ms="489" started-at="2022-04-25T17:56:02 IDT" finished-at="2022-04-25T17:56:03 IDT">
          <reporter-output>
          </reporter-output>
        </test-method> <!-- AfterMethod -->
        <test-method status="PASS" signature="BeforeMethod(java.lang.reflect.Method)[pri:0, instance:sanity.AtidStore@6c451c9c]" name="BeforeMethod" is-config="true" duration-ms="9" started-at="2022-04-25T17:56:03 IDT" finished-at="2022-04-25T17:56:03 IDT">
          <params>
            <param index="0">
              <value>
                <![CDATA[public void sanity.AtidStore.Searchproducts(java.lang.String,java.lang.String)]]>
              </value>
            </param>
          </params>
          <reporter-output>
          </reporter-output>
        </test-method> <!-- BeforeMethod -->
        <test-method status="PASS" signature="Searchproducts(java.lang.String, java.lang.String)[pri:0, instance:sanity.AtidStore@6c451c9c]" name="Searchproducts" duration-ms="4415" started-at="2022-04-25T17:56:03 IDT" description="Test07 - Search Products" data-provider="data-provider-products" finished-at="2022-04-25T17:56:07 IDT">
          <params>
            <param index="0">
              <value>
                <![CDATA[boots]]>
              </value>
            </param>
            <param index="1">
              <value>
                <![CDATA[not-exist]]>
              </value>
            </param>
          </params>
          <reporter-output>
          </reporter-output>
        </test-method> <!-- Searchproducts -->
        <test-method status="PASS" signature="AfterMethod()[pri:0, instance:sanity.AtidStore@6c451c9c]" name="AfterMethod" is-config="true" duration-ms="394" started-at="2022-04-25T17:56:07 IDT" finished-at="2022-04-25T17:56:08 IDT">
          <reporter-output>
          </reporter-output>
        </test-method> <!-- AfterMethod -->
        <test-method status="PASS" signature="BeforeMethod(java.lang.reflect.Method)[pri:0, instance:sanity.AtidStore@6c451c9c]" name="BeforeMethod" is-config="true" duration-ms="27" started-at="2022-04-25T17:56:08 IDT" finished-at="2022-04-25T17:56:08 IDT">
          <params>
            <param index="0">
              <value>
                <![CDATA[public void sanity.AtidStore.Searchproducts(java.lang.String,java.lang.String)]]>
              </value>
            </param>
          </params>
          <reporter-output>
          </reporter-output>
        </test-method> <!-- BeforeMethod -->
        <test-method status="PASS" signature="Searchproducts(java.lang.String, java.lang.String)[pri:0, instance:sanity.AtidStore@6c451c9c]" name="Searchproducts" duration-ms="6781" started-at="2022-04-25T17:56:08 IDT" description="Test07 - Search Products" data-provider="data-provider-products" finished-at="2022-04-25T17:56:14 IDT">
          <params>
            <param index="0">
              <value>
                <![CDATA[flip flops]]>
              </value>
            </param>
            <param index="1">
              <value>
                <![CDATA[not exist]]>
              </value>
            </param>
          </params>
          <reporter-output>
          </reporter-output>
        </test-method> <!-- Searchproducts -->
        <test-method status="PASS" signature="AfterMethod()[pri:0, instance:sanity.AtidStore@6c451c9c]" name="AfterMethod" is-config="true" duration-ms="414" started-at="2022-04-25T17:56:15 IDT" finished-at="2022-04-25T17:56:15 IDT">
          <reporter-output>
          </reporter-output>
        </test-method> <!-- AfterMethod -->
        <test-method status="PASS" signature="BeforeMethod(java.lang.reflect.Method)[pri:0, instance:sanity.AtidStore@6c451c9c]" name="BeforeMethod" is-config="true" duration-ms="23" started-at="2022-04-25T17:56:15 IDT" finished-at="2022-04-25T17:56:15 IDT">
          <params>
            <param index="0">
              <value>
                <![CDATA[public void sanity.AtidStore.VerifyContactPage()]]>
              </value>
            </param>
          </params>
          <reporter-output>
          </reporter-output>
        </test-method> <!-- BeforeMethod -->
        <test-method status="PASS" signature="VerifyContactPage()[pri:0, instance:sanity.AtidStore@6c451c9c]" name="VerifyContactPage" duration-ms="2388" started-at="2022-04-25T17:56:15 IDT" description="Test04 - VerifyContactPage" finished-at="2022-04-25T17:56:17 IDT">
          <reporter-output>
          </reporter-output>
        </test-method> <!-- VerifyContactPage -->
        <test-method status="PASS" signature="AfterMethod()[pri:0, instance:sanity.AtidStore@6c451c9c]" name="AfterMethod" is-config="true" duration-ms="536" started-at="2022-04-25T17:56:18 IDT" finished-at="2022-04-25T17:56:18 IDT">
          <reporter-output>
          </reporter-output>
        </test-method> <!-- AfterMethod -->
        <test-method status="PASS" signature="BeforeMethod(java.lang.reflect.Method)[pri:0, instance:sanity.AtidStore@6c451c9c]" name="BeforeMethod" is-config="true" duration-ms="13" started-at="2022-04-25T17:56:18 IDT" finished-at="2022-04-25T17:56:18 IDT">
          <params>
            <param index="0">
              <value>
                <![CDATA[public void sanity.AtidStore.VerifyMainLogo()]]>
              </value>
            </param>
          </params>
          <reporter-output>
          </reporter-output>
        </test-method> <!-- BeforeMethod -->
        <test-method status="PASS" signature="VerifyMainLogo()[pri:0, instance:sanity.AtidStore@6c451c9c]" name="VerifyMainLogo" duration-ms="999" started-at="2022-04-25T17:56:18 IDT" description="Test06 - VerifyMainLogo" finished-at="2022-04-25T17:56:19 IDT">
          <reporter-output>
          </reporter-output>
        </test-method> <!-- VerifyMainLogo -->
        <test-method status="PASS" signature="AfterMethod()[pri:0, instance:sanity.AtidStore@6c451c9c]" name="AfterMethod" is-config="true" duration-ms="369" started-at="2022-04-25T17:56:19 IDT" finished-at="2022-04-25T17:56:20 IDT">
          <reporter-output>
          </reporter-output>
        </test-method> <!-- AfterMethod -->
        <test-method status="PASS" signature="BeforeMethod(java.lang.reflect.Method)[pri:0, instance:sanity.AtidStore@6c451c9c]" name="BeforeMethod" is-config="true" duration-ms="13" started-at="2022-04-25T17:56:20 IDT" finished-at="2022-04-25T17:56:20 IDT">
          <params>
            <param index="0">
              <value>
                <![CDATA[public void sanity.AtidStore.VerifyMainPageTitle()]]>
              </value>
            </param>
          </params>
          <reporter-output>
          </reporter-output>
        </test-method> <!-- BeforeMethod -->
        <test-method status="PASS" signature="VerifyMainPageTitle()[pri:0, instance:sanity.AtidStore@6c451c9c]" name="VerifyMainPageTitle" duration-ms="669" started-at="2022-04-25T17:56:20 IDT" description="Test01 - VerifyMainPageTitle" finished-at="2022-04-25T17:56:20 IDT">
          <reporter-output>
          </reporter-output>
        </test-method> <!-- VerifyMainPageTitle -->
        <test-method status="PASS" signature="AfterMethod()[pri:0, instance:sanity.AtidStore@6c451c9c]" name="AfterMethod" is-config="true" duration-ms="456" started-at="2022-04-25T17:56:20 IDT" finished-at="2022-04-25T17:56:21 IDT">
          <reporter-output>
          </reporter-output>
        </test-method> <!-- AfterMethod -->
        <test-method status="PASS" signature="BeforeMethod(java.lang.reflect.Method)[pri:0, instance:sanity.AtidStore@6c451c9c]" name="BeforeMethod" is-config="true" duration-ms="6" started-at="2022-04-25T17:56:21 IDT" finished-at="2022-04-25T17:56:21 IDT">
          <params>
            <param index="0">
              <value>
                <![CDATA[public void sanity.AtidStore.VerifyNavigationElements()]]>
              </value>
            </param>
          </params>
          <reporter-output>
          </reporter-output>
        </test-method> <!-- BeforeMethod -->
        <test-method status="PASS" signature="VerifyNavigationElements()[pri:0, instance:sanity.AtidStore@6c451c9c]" name="VerifyNavigationElements" duration-ms="51" started-at="2022-04-25T17:56:21 IDT" description="Test02 - VerifyNavigationElements" finished-at="2022-04-25T17:56:21 IDT">
          <reporter-output>
          </reporter-output>
        </test-method> <!-- VerifyNavigationElements -->
        <test-method status="PASS" signature="AfterMethod()[pri:0, instance:sanity.AtidStore@6c451c9c]" name="AfterMethod" is-config="true" duration-ms="330" started-at="2022-04-25T17:56:21 IDT" finished-at="2022-04-25T17:56:21 IDT">
          <reporter-output>
          </reporter-output>
        </test-method> <!-- AfterMethod -->
        <test-method status="PASS" signature="BeforeMethod(java.lang.reflect.Method)[pri:0, instance:sanity.AtidStore@6c451c9c]" name="BeforeMethod" is-config="true" duration-ms="12" started-at="2022-04-25T17:56:21 IDT" finished-at="2022-04-25T17:56:21 IDT">
          <params>
            <param index="0">
              <value>
                <![CDATA[public void sanity.AtidStore.VerifyShoppingCart()]]>
              </value>
            </param>
          </params>
          <reporter-output>
          </reporter-output>
        </test-method> <!-- BeforeMethod -->
        <test-method status="FAIL" signature="VerifyShoppingCart()[pri:0, instance:sanity.AtidStore@6c451c9c]" name="VerifyShoppingCart" duration-ms="3655" started-at="2022-04-25T17:56:22 IDT" description="Test05 - VerifyShoppingCart" finished-at="2022-04-25T17:56:25 IDT">
          <exception class="org.openqa.selenium.StaleElementReferenceException">
            <message>
              <![CDATA[stale element reference: element is not attached to the page document
  (Session info: chrome=100.0.4896.127)
For documentation on this error, please visit: https://www.seleniumhq.org/exceptions/stale_element_reference.html
Build info: version: '3.141.59', revision: 'e82be7d358', time: '2018-11-14T08:17:03'
System info: host: 'DESKTOP-2A5MDES', ip: '192.168.1.20', os.name: 'Windows 10', os.arch: 'amd64', os.version: '10.0', java.version: '1.8.0_211'
Driver info: org.openqa.selenium.chrome.ChromeDriver
Capabilities {acceptInsecureCerts: false, browserName: chrome, browserVersion: 100.0.4896.127, chrome: {chromedriverVersion: 100.0.4896.60 (6a5d10861ce8..., userDataDir: C:\Users\98DD~1\AppData\Loc...}, goog:chromeOptions: {debuggerAddress: localhost:51544}, javascriptEnabled: true, networkConnectionEnabled: false, pageLoadStrategy: normal, platform: WINDOWS, platformName: WINDOWS, proxy: Proxy(), setWindowRect: true, strictFileInteractability: false, timeouts: {implicit: 0, pageLoad: 300000, script: 30000}, unhandledPromptBehavior: dismiss and notify, webauthn:extension:credBlob: true, webauthn:extension:largeBlob: true, webauthn:virtualAuthenticators: true}
Session ID: 94ac981a9127df133ef45a08a435c7a5]]>
            </message>
            <full-stacktrace>
              <![CDATA[org.openqa.selenium.StaleElementReferenceException: stale element reference: element is not attached to the page document
  (Session info: chrome=100.0.4896.127)
For documentation on this error, please visit: https://www.seleniumhq.org/exceptions/stale_element_reference.html
Build info: version: '3.141.59', revision: 'e82be7d358', time: '2018-11-14T08:17:03'
System info: host: 'DESKTOP-2A5MDES', ip: '192.168.1.20', os.name: 'Windows 10', os.arch: 'amd64', os.version: '10.0', java.version: '1.8.0_211'
Driver info: org.openqa.selenium.chrome.ChromeDriver
Capabilities {acceptInsecureCerts: false, browserName: chrome, browserVersion: 100.0.4896.127, chrome: {chromedriverVersion: 100.0.4896.60 (6a5d10861ce8..., userDataDir: C:\Users\98DD~1\AppData\Loc...}, goog:chromeOptions: {debuggerAddress: localhost:51544}, javascriptEnabled: true, networkConnectionEnabled: false, pageLoadStrategy: normal, platform: WINDOWS, platformName: WINDOWS, proxy: Proxy(), setWindowRect: true, strictFileInteractability: false, timeouts: {implicit: 0, pageLoad: 300000, script: 30000}, unhandledPromptBehavior: dismiss and notify, webauthn:extension:credBlob: true, webauthn:extension:largeBlob: true, webauthn:virtualAuthenticators: true}
Session ID: 94ac981a9127df133ef45a08a435c7a5
at sun.reflect.NativeConstructorAccessorImpl.newInstance0(Native Method)
at sun.reflect.NativeConstructorAccessorImpl.newInstance(NativeConstructorAccessorImpl.java:62)
at sun.reflect.DelegatingConstructorAccessorImpl.newInstance(DelegatingConstructorAccessorImpl.java:45)
at java.lang.reflect.Constructor.newInstance(Constructor.java:423)
at org.openqa.selenium.remote.http.W3CHttpResponseCodec.createException(W3CHttpResponseCodec.java:187)
at org.openqa.selenium.remote.http.W3CHttpResponseCodec.decode(W3CHttpResponseCodec.java:122)
at org.openqa.selenium.remote.http.W3CHttpResponseCodec.decode(W3CHttpResponseCodec.java:49)
at org.openqa.selenium.remote.HttpCommandExecutor.execute(HttpCommandExecutor.java:158)
at org.openqa.selenium.remote.service.DriverCommandExecutor.execute(DriverCommandExecutor.java:83)
at org.openqa.selenium.remote.RemoteWebDriver.execute(RemoteWebDriver.java:552)
at org.openqa.selenium.remote.RemoteWebElement.execute(RemoteWebElement.java:285)
at org.openqa.selenium.remote.RemoteWebElement.getText(RemoteWebElement.java:166)
at sun.reflect.NativeMethodAccessorImpl.invoke0(Native Method)
at sun.reflect.NativeMethodAccessorImpl.invoke(NativeMethodAccessorImpl.java:62)
at sun.reflect.DelegatingMethodAccessorImpl.invoke(DelegatingMethodAccessorImpl.java:43)
at java.lang.reflect.Method.invoke(Method.java:498)
at org.openqa.selenium.support.pagefactory.internal.LocatingElementHandler.invoke(LocatingElementHandler.java:51)
at com.sun.proxy.$Proxy12.getText(Unknown Source)
at extentions.Verifications.VerifyTextInElement(Verifications.java:27)
at sanity.AtidStore.VerifyShoppingCart(AtidStore.java:58)
at sun.reflect.NativeMethodAccessorImpl.invoke0(Native Method)
at sun.reflect.NativeMethodAccessorImpl.invoke(NativeMethodAccessorImpl.java:62)
at sun.reflect.DelegatingMethodAccessorImpl.invoke(DelegatingMethodAccessorImpl.java:43)
at java.lang.reflect.Method.invoke(Method.java:498)
at org.testng.internal.MethodInvocationHelper.invokeMethod(MethodInvocationHelper.java:133)
at org.testng.internal.TestInvoker.invokeMethod(TestInvoker.java:584)
at org.testng.internal.TestInvoker.invokeTestMethod(TestInvoker.java:172)
at org.testng.internal.MethodRunner.runInSequence(MethodRunner.java:46)
at org.testng.internal.TestInvoker$MethodInvocationAgent.invoke(TestInvoker.java:804)
at org.testng.internal.TestInvoker.invokeTestMethods(TestInvoker.java:145)
at org.testng.internal.TestMethodWorker.invokeTestMethods(TestMethodWorker.java:146)
at org.testng.internal.TestMethodWorker.run(TestMethodWorker.java:128)
at java.util.ArrayList.forEach(ArrayList.java:1257)
at org.testng.TestRunner.privateRun(TestRunner.java:770)
at org.testng.TestRunner.run(TestRunner.java:591)
at org.testng.SuiteRunner.runTest(SuiteRunner.java:402)
at org.testng.SuiteRunner.runSequentially(SuiteRunner.java:396)
at org.testng.SuiteRunner.privateRun(SuiteRunner.java:355)
at org.testng.SuiteRunner.run(SuiteRunner.java:304)
at org.testng.SuiteRunnerWorker.runSuite(SuiteRunnerWorker.java:53)
at org.testng.SuiteRunnerWorker.run(SuiteRunnerWorker.java:96)
at org.testng.TestNG.runSuitesSequentially(TestNG.java:1180)
at org.testng.TestNG.runSuitesLocally(TestNG.java:1102)
at org.testng.TestNG.runSuites(TestNG.java:1032)
at org.testng.TestNG.run(TestNG.java:1000)
at org.apache.maven.surefire.testng.TestNGExecutor.run(TestNGExecutor.java:283)
at org.apache.maven.surefire.testng.TestNGXmlTestSuite.execute(TestNGXmlTestSuite.java:75)
at org.apache.maven.surefire.testng.TestNGProvider.invoke(TestNGProvider.java:120)
at org.apache.maven.surefire.booter.ForkedBooter.invokeProviderInSameClassLoader(ForkedBooter.java:384)
at org.apache.maven.surefire.booter.ForkedBooter.runSuitesInProcess(ForkedBooter.java:345)
at org.apache.maven.surefire.booter.ForkedBooter.execute(ForkedBooter.java:126)
at org.apache.maven.surefire.booter.ForkedBooter.main(ForkedBooter.java:418)
]]>
            </full-stacktrace>
          </exception> <!-- org.openqa.selenium.StaleElementReferenceException -->
          <reporter-output>
          </reporter-output>
        </test-method> <!-- VerifyShoppingCart -->
        <test-method status="PASS" signature="AfterMethod()[pri:0, instance:sanity.AtidStore@6c451c9c]" name="AfterMethod" is-config="true" duration-ms="415" started-at="2022-04-25T17:56:26 IDT" finished-at="2022-04-25T17:56:26 IDT">
          <reporter-output>
          </reporter-output>
        </test-method> <!-- AfterMethod -->
        <test-method status="PASS" signature="BeforeMethod(java.lang.reflect.Method)[pri:0, instance:sanity.AtidStore@6c451c9c]" name="BeforeMethod" is-config="true" duration-ms="10" started-at="2022-04-25T17:56:26 IDT" finished-at="2022-04-25T17:56:26 IDT">
          <params>
            <param index="0">
              <value>
                <![CDATA[public void sanity.AtidStore.VerifyTextField()]]>
              </value>
            </param>
          </params>
          <reporter-output>
          </reporter-output>
        </test-method> <!-- BeforeMethod -->
        <test-method status="PASS" signature="VerifyTextField()[pri:0, instance:sanity.AtidStore@6c451c9c]" name="VerifyTextField" duration-ms="892" started-at="2022-04-25T17:56:26 IDT" description="Test03 - VerifyTextField" finished-at="2022-04-25T17:56:27 IDT">
          <reporter-output>
          </reporter-output>
        </test-method> <!-- VerifyTextField -->
        <test-method status="PASS" signature="AfterMethod()[pri:0, instance:sanity.AtidStore@6c451c9c]" name="AfterMethod" is-config="true" duration-ms="388" started-at="2022-04-25T17:56:27 IDT" finished-at="2022-04-25T17:56:27 IDT">
          <reporter-output>
          </reporter-output>
        </test-method> <!-- AfterMethod -->
        <test-method status="PASS" signature="end()[pri:0, instance:sanity.AtidStore@6c451c9c]" name="end" is-config="true" duration-ms="674" started-at="2022-04-25T17:56:27 IDT" finished-at="2022-04-25T17:56:28 IDT">
          <reporter-output>
          </reporter-output>
        </test-method> <!-- end -->
      </class> <!-- sanity.AtidStore -->
    </test> <!-- Web Tests -->
  </suite> <!-- Web Suite -->
</testng-results>
